<?xml version="1.0" encoding="UTF-8"?>
<!-- Generated by org.testng.reporters.JUnitReportReporter -->
<testsuite hostname="LAPTOP-280R13GT" name="Org.CollegeTest.ClgTest" tests="2" failures="0" timestamp="16 May 2017 07:17:45 GMT" time="1.444" errors="0">
  <testcase name="test2" time="0.624" classname="Org.CollegeTest.ClgTest"/>
  <testcase name="test2" time="0.820" classname="Org.CollegeTest.ClgTest"/>
</testsuite> <!-- Org.CollegeTest.ClgTest -->
