<?xml version="1.0" encoding="UTF-8"?>
<!-- Generated by org.testng.reporters.JUnitReportReporter -->
<testsuite hostname="LAPTOP-280R13GT" name="Org.CollegeTest.ClgTest" tests="2" failures="0" timestamp="17 May 2017 04:43:14 GMT" time="1.938" errors="0">
  <testcase name="test2" time="0.994" classname="Org.CollegeTest.ClgTest"/>
  <testcase name="test2" time="0.944" classname="Org.CollegeTest.ClgTest"/>
</testsuite> <!-- Org.CollegeTest.ClgTest -->
